<?xml version="1.0" encoding="UTF-8"?>
<testsuites name="TestSuite1" time="35" tests="1" failures="1" errors="0">
   <testsuite name="TestSuite1" tests="1" failures="1" errors="0" time="35" timestamp="2018-05-07 13:54:17" hostname="smanugunta - USR-SMANUGUNTA1.avoka.local" id="Test Suites/TestSuite1">
      <properties>
         <property name="deviceName" value=""/>
         <property name="devicePlatform" value=""/>
         <property name="logFolder" value="C:\\Users\\smanugunta\\git\\Test\\Reports\\TestSuite1\\20180507_135416"/>
         <property name="logFiles" value="C:\\Users\\smanugunta\\git\\Test\\Reports\\TestSuite1\\20180507_135416\\execution0.log"/>
         <property name="attachments" value=""/>
         <property name="hostName" value="smanugunta - USR-SMANUGUNTA1.avoka.local"/>
         <property name="os" value="Windows 10 64bit"/>
         <property name="katalonVersion" value="5.4.1.1"/>
         <property name="browser" value="Chrome 66.0.3359.139"/>
         <property name="hostAddress" value="192.168.20.233"/>
         <property name="sessionId" value="43f04e413fc35b2d1240cc70b2b6e385"/>
         <property name="seleniumVersion" value="3.7.1"/>
         <property name="proxyInformation" value="ProxyInformation{proxyOption=NO_PROXY, proxyServerType=HTTP, password=, proxyServerAddress=, proxyServerPort=0}"/>
         <property name="platform" value="Windows 10"/>
      </properties>
      <testcase name="Test Cases/Testcase1" classname="Test Cases/Testcase1" status="FAILED">
         <failure type="FAILED" message="Unable to click on object 'Object Repository/MainPage/a_Organizations' (Root cause: org.openqa.selenium.UnhandledAlertException: unexpected alert open: {Alert text : Error occured. HTTP Code: 0, Status: error, Error Thrown: }
  (Session info: chrome=66.0.3359.139)
  (Driver info: chromedriver=2.35.528161 (5b82f2d2aae0ca24b877009200ced9065a772e73),platform=Windows NT 10.0.16299 x86_64) (WARNING: The server did not provide any stacktrace information)
Command duration or timeout: 0 milliseconds: null
Build info: version: '3.7.1', revision: '8a0099a', time: '2017-11-06T21:07:36.161Z'
System info: host: 'USR-SMANUGUNTA1', ip: '192.168.20.233', os.name: 'Windows 10', os.arch: 'amd64', os.version: '10.0', java.version: '1.8.0_102'
Driver info: com.kms.katalon.selenium.driver.CChromeDriver
Capabilities {acceptInsecureCerts: false, acceptSslCerts: false, applicationCacheEnabled: false, browserConnectionEnabled: false, browserName: chrome, chrome: {chromedriverVersion: 2.35.528161 (5b82f2d2aae0ca..., userDataDir: C:\Users\SMANUG~1\AppData\L...}, cssSelectorsEnabled: true, databaseEnabled: false, handlesAlerts: true, hasTouchScreen: false, javascriptEnabled: true, locationContextEnabled: true, mobileEmulationEnabled: false, nativeEvents: true, networkConnectionEnabled: false, pageLoadStrategy: normal, platform: XP, platformName: XP, rotatable: false, setWindowRect: true, takesHeapSnapshot: true, takesScreenshot: true, unexpectedAlertBehaviour: , unhandledPromptBehavior: , version: 66.0.3359.139, webStorageEnabled: true}
Session ID: 57c4751e059c784e1c7c2b72161083d4
*** Element info: {Using=xpath, value=//*[(text() = 'Organizations' or . = 'Organizations')]})"/>
         <system-out><![CDATA[2018-05-07 13:54:17 - [TEST_CASE][FAILED] - Test Cases/Testcase1: Test Cases/Testcase1 FAILED because (of) Unable to click on object 'Object Repository/MainPage/a_Organizations' (Root cause: org.openqa.selenium.UnhandledAlertException: unexpected alert open: {Alert text : Error occured. HTTP Code: 0, Status: error, Error Thrown: }
  (Session info: chrome=66.0.3359.139)
  (Driver info: chromedriver=2.35.528161 (5b82f2d2aae0ca24b877009200ced9065a772e73),platform=Windows NT 10.0.16299 x86_64) (WARNING: The server did not provide any stacktrace information)
Command duration or timeout: 0 milliseconds: null
Build info: version: '3.7.1', revision: '8a0099a', time: '2017-11-06T21:07:36.161Z'
System info: host: 'USR-SMANUGUNTA1', ip: '192.168.20.233', os.name: 'Windows 10', os.arch: 'amd64', os.version: '10.0', java.version: '1.8.0_102'
Driver info: com.kms.katalon.selenium.driver.CChromeDriver
Capabilities {acceptInsecureCerts: false, acceptSslCerts: false, applicationCacheEnabled: false, browserConnectionEnabled: false, browserName: chrome, chrome: {chromedriverVersion: 2.35.528161 (5b82f2d2aae0ca..., userDataDir: C:\Users\SMANUG~1\AppData\L...}, cssSelectorsEnabled: true, databaseEnabled: false, handlesAlerts: true, hasTouchScreen: false, javascriptEnabled: true, locationContextEnabled: true, mobileEmulationEnabled: false, nativeEvents: true, networkConnectionEnabled: false, pageLoadStrategy: normal, platform: XP, platformName: XP, rotatable: false, setWindowRect: true, takesHeapSnapshot: true, takesScreenshot: true, unexpectedAlertBehaviour: , unhandledPromptBehavior: , version: 66.0.3359.139, webStorageEnabled: true}
Session ID: 57c4751e059c784e1c7c2b72161083d4
*** Element info: {Using=xpath, value=//*[(text() = 'Organizations' or . = 'Organizations')]})

2018-05-07 13:54:18 - [TEST_STEP][PASSED] - openBrowser: Browser is opened with url: ''

2018-05-07 13:54:20 - [MESSAGE][PASSED] - Browser is opened with url: ''

2018-05-07 13:54:20 - [TEST_STEP][PASSED] - navigateToUrl: Navigate to 'https://tm.test1.avoka.com/manager/login.htm' successfully

2018-05-07 13:54:24 - [MESSAGE][PASSED] - Navigate to 'https://tm.test1.avoka.com/manager/login.htm' successfully

2018-05-07 13:54:24 - [TEST_STEP][PASSED] - setText: Text 'smanugunta@avoka.com' is set on object 'Object Repository/MainPage/input_j_username'

2018-05-07 13:54:25 - [MESSAGE][PASSED] - Text 'smanugunta@avoka.com' is set on object 'Object Repository/MainPage/input_j_username'

2018-05-07 13:54:25 - [TEST_STEP][PASSED] - setText: Text 'Unicorn!23' is set on object 'Object Repository/MainPage/input_j_password'

2018-05-07 13:54:25 - [MESSAGE][PASSED] - Text 'Unicorn!23' is set on object 'Object Repository/MainPage/input_j_password'

2018-05-07 13:54:25 - [TEST_STEP][PASSED] - click: Object: 'Object Repository/MainPage/input_btn btn-primary' is clicked on

2018-05-07 13:54:27 - [MESSAGE][PASSED] - Object: 'Object Repository/MainPage/input_btn btn-primary' is clicked on

2018-05-07 13:54:27 - [TEST_STEP][PASSED] - click: Object: 'Object Repository/MainPage/a_Form Spaces' is clicked on

2018-05-07 13:54:29 - [MESSAGE][PASSED] - Object: 'Object Repository/MainPage/a_Form Spaces' is clicked on

2018-05-07 13:54:29 - [TEST_STEP][PASSED] - setText: Text 'test' is set on object 'Object Repository/MainPage/input_searchField'

2018-05-07 13:54:29 - [MESSAGE][PASSED] - Text 'test' is set on object 'Object Repository/MainPage/input_searchField'

2018-05-07 13:54:29 - [TEST_STEP][PASSED] - click: Object: 'Object Repository/MainPage/input_search' is clicked on

2018-05-07 13:54:29 - [MESSAGE][PASSED] - Object: 'Object Repository/MainPage/input_search' is clicked on

2018-05-07 13:54:29 - [TEST_STEP][PASSED] - click: Object: 'Object Repository/MainPage/a_Home' is clicked on

2018-05-07 13:54:29 - [MESSAGE][PASSED] - Object: 'Object Repository/MainPage/a_Home' is clicked on

2018-05-07 13:54:29 - [TEST_STEP][FAILED] - click: Unable to click on object 'Object Repository/MainPage/a_Organizations' (Root cause: org.openqa.selenium.UnhandledAlertException: unexpected alert open: {Alert text : Error occured. HTTP Code: 0, Status: error, Error Thrown: }
  (Session info: chrome=66.0.3359.139)
  (Driver info: chromedriver=2.35.528161 (5b82f2d2aae0ca24b877009200ced9065a772e73),platform=Windows NT 10.0.16299 x86_64) (WARNING: The server did not provide any stacktrace information)
Command duration or timeout: 0 milliseconds: null
Build info: version: '3.7.1', revision: '8a0099a', time: '2017-11-06T21:07:36.161Z'
System info: host: 'USR-SMANUGUNTA1', ip: '192.168.20.233', os.name: 'Windows 10', os.arch: 'amd64', os.version: '10.0', java.version: '1.8.0_102'
Driver info: com.kms.katalon.selenium.driver.CChromeDriver
Capabilities {acceptInsecureCerts: false, acceptSslCerts: false, applicationCacheEnabled: false, browserConnectionEnabled: false, browserName: chrome, chrome: {chromedriverVersion: 2.35.528161 (5b82f2d2aae0ca..., userDataDir: C:\Users\SMANUG~1\AppData\L...}, cssSelectorsEnabled: true, databaseEnabled: false, handlesAlerts: true, hasTouchScreen: false, javascriptEnabled: true, locationContextEnabled: true, mobileEmulationEnabled: false, nativeEvents: true, networkConnectionEnabled: false, pageLoadStrategy: normal, platform: XP, platformName: XP, rotatable: false, setWindowRect: true, takesHeapSnapshot: true, takesScreenshot: true, unexpectedAlertBehaviour: , unhandledPromptBehavior: , version: 66.0.3359.139, webStorageEnabled: true}
Session ID: 57c4751e059c784e1c7c2b72161083d4
*** Element info: {Using=xpath, value=//*[(text() = 'Organizations' or . = 'Organizations')]})

2018-05-07 13:54:29 - [MESSAGE][WARNING] - Cannot take screenshot

2018-05-07 13:54:29 - [MESSAGE][FAILED] - Unable to click on object 'Object Repository/MainPage/a_Organizations' (Root cause: org.openqa.selenium.UnhandledAlertException: unexpected alert open: {Alert text : Error occured. HTTP Code: 0, Status: error, Error Thrown: }
  (Session info: chrome=66.0.3359.139)
  (Driver info: chromedriver=2.35.528161 (5b82f2d2aae0ca24b877009200ced9065a772e73),platform=Windows NT 10.0.16299 x86_64) (WARNING: The server did not provide any stacktrace information)
Command duration or timeout: 0 milliseconds: null
Build info: version: '3.7.1', revision: '8a0099a', time: '2017-11-06T21:07:36.161Z'
System info: host: 'USR-SMANUGUNTA1', ip: '192.168.20.233', os.name: 'Windows 10', os.arch: 'amd64', os.version: '10.0', java.version: '1.8.0_102'
Driver info: com.kms.katalon.selenium.driver.CChromeDriver
Capabilities {acceptInsecureCerts: false, acceptSslCerts: false, applicationCacheEnabled: false, browserConnectionEnabled: false, browserName: chrome, chrome: {chromedriverVersion: 2.35.528161 (5b82f2d2aae0ca..., userDataDir: C:\Users\SMANUG~1\AppData\L...}, cssSelectorsEnabled: true, databaseEnabled: false, handlesAlerts: true, hasTouchScreen: false, javascriptEnabled: true, locationContextEnabled: true, mobileEmulationEnabled: false, nativeEvents: true, networkConnectionEnabled: false, pageLoadStrategy: normal, platform: XP, platformName: XP, rotatable: false, setWindowRect: true, takesHeapSnapshot: true, takesScreenshot: true, unexpectedAlertBehaviour: , unhandledPromptBehavior: , version: 66.0.3359.139, webStorageEnabled: true}
Session ID: 57c4751e059c784e1c7c2b72161083d4
*** Element info: {Using=xpath, value=//*[(text() = 'Organizations' or . = 'Organizations')]})]]></system-out>
         <system-err><![CDATA[2018-05-07 13:54:17 - [TEST_CASE][FAILED] - Test Cases/Testcase1: Test Cases/Testcase1 FAILED because (of) Unable to click on object 'Object Repository/MainPage/a_Organizations' (Root cause: org.openqa.selenium.UnhandledAlertException: unexpected alert open: {Alert text : Error occured. HTTP Code: 0, Status: error, Error Thrown: }
  (Session info: chrome=66.0.3359.139)
  (Driver info: chromedriver=2.35.528161 (5b82f2d2aae0ca24b877009200ced9065a772e73),platform=Windows NT 10.0.16299 x86_64) (WARNING: The server did not provide any stacktrace information)
Command duration or timeout: 0 milliseconds: null
Build info: version: '3.7.1', revision: '8a0099a', time: '2017-11-06T21:07:36.161Z'
System info: host: 'USR-SMANUGUNTA1', ip: '192.168.20.233', os.name: 'Windows 10', os.arch: 'amd64', os.version: '10.0', java.version: '1.8.0_102'
Driver info: com.kms.katalon.selenium.driver.CChromeDriver
Capabilities {acceptInsecureCerts: false, acceptSslCerts: false, applicationCacheEnabled: false, browserConnectionEnabled: false, browserName: chrome, chrome: {chromedriverVersion: 2.35.528161 (5b82f2d2aae0ca..., userDataDir: C:\Users\SMANUG~1\AppData\L...}, cssSelectorsEnabled: true, databaseEnabled: false, handlesAlerts: true, hasTouchScreen: false, javascriptEnabled: true, locationContextEnabled: true, mobileEmulationEnabled: false, nativeEvents: true, networkConnectionEnabled: false, pageLoadStrategy: normal, platform: XP, platformName: XP, rotatable: false, setWindowRect: true, takesHeapSnapshot: true, takesScreenshot: true, unexpectedAlertBehaviour: , unhandledPromptBehavior: , version: 66.0.3359.139, webStorageEnabled: true}
Session ID: 57c4751e059c784e1c7c2b72161083d4
*** Element info: {Using=xpath, value=//*[(text() = 'Organizations' or . = 'Organizations')]})]]></system-err>
      </testcase>
      <testcase name="Test Cases/Testcase2" classname="Test Cases/Testcase2" status="PASSED">
         <system-out><![CDATA[2018-05-07 13:54:29 - [TEST_CASE][PASSED] - Test Cases/Testcase2: Test Cases/Testcase2

2018-05-07 13:54:30 - [TEST_STEP][PASSED] - openBrowser: Browser is opened with url: ''

2018-05-07 13:54:30 - [MESSAGE][WARNING] - A browser is already opened. Closing browser and opening a new one

2018-05-07 13:54:32 - [MESSAGE][PASSED] - Browser is opened with url: ''

2018-05-07 13:54:32 - [TEST_STEP][PASSED] - navigateToUrl: Navigate to 'https://tm.test1.avoka.com/manager/login.htm' successfully

2018-05-07 13:54:34 - [MESSAGE][PASSED] - Navigate to 'https://tm.test1.avoka.com/manager/login.htm' successfully

2018-05-07 13:54:34 - [TEST_STEP][PASSED] - setText: Text 'smanugunta@avoka.com' is set on object 'Object Repository/Page_Manager - Avoka Transact/input_j_username'

2018-05-07 13:54:35 - [MESSAGE][PASSED] - Text 'smanugunta@avoka.com' is set on object 'Object Repository/Page_Manager - Avoka Transact/input_j_username'

2018-05-07 13:54:35 - [TEST_STEP][PASSED] - setText: Text 'Unicorn!23' is set on object 'Object Repository/Page_Manager - Avoka Transact/input_j_password'

2018-05-07 13:54:35 - [MESSAGE][PASSED] - Text 'Unicorn!23' is set on object 'Object Repository/Page_Manager - Avoka Transact/input_j_password'

2018-05-07 13:54:35 - [TEST_STEP][PASSED] - click: Object: 'Object Repository/Page_Manager - Avoka Transact/input_btn btn-primary' is clicked on

2018-05-07 13:54:38 - [MESSAGE][PASSED] - Object: 'Object Repository/Page_Manager - Avoka Transact/input_btn btn-primary' is clicked on

2018-05-07 13:54:38 - [TEST_STEP][PASSED] - click: Object: 'Object Repository/Page_Manager - Avoka Transact/a_Forms2' is clicked on

2018-05-07 13:54:38 - [MESSAGE][PASSED] - Object: 'Object Repository/Page_Manager - Avoka Transact/a_Forms2' is clicked on

2018-05-07 13:54:38 - [TEST_STEP][PASSED] - navigateToUrl: Navigate to 'https://tm.test1.avoka.com/manager/admin/form/form-search.htm?_wid=15' successfully

2018-05-07 13:54:40 - [MESSAGE][PASSED] - Navigate to 'https://tm.test1.avoka.com/manager/admin/form/form-search.htm?_wid=15' successfully

2018-05-07 13:54:40 - [TEST_STEP][PASSED] - click: Object: 'Object Repository/Page_Manager - Avoka Transact/Navigate' is clicked on

2018-05-07 13:54:41 - [MESSAGE][PASSED] - Object: 'Object Repository/Page_Manager - Avoka Transact/Navigate' is clicked on

2018-05-07 13:54:41 - [TEST_STEP][PASSED] - switchToWindowTitle: Switched to window with title: '18.04 for Stuart'

2018-05-07 13:54:49 - [MESSAGE][PASSED] - Switched to window with title: '18.04 for Stuart'

2018-05-07 13:54:49 - [TEST_STEP][PASSED] - click: Object: 'Object Repository/Page_18.04 for Stuart/span_Continue' is clicked on

2018-05-07 13:54:49 - [MESSAGE][PASSED] - Object: 'Object Repository/Page_18.04 for Stuart/span_Continue' is clicked on

2018-05-07 13:54:49 - [TEST_STEP][PASSED] - click: Object: 'Object Repository/Page_18.04 for Stuart/span_Submit' is clicked on

2018-05-07 13:54:49 - [MESSAGE][PASSED] - Object: 'Object Repository/Page_18.04 for Stuart/span_Submit' is clicked on

2018-05-07 13:54:49 - [TEST_STEP][PASSED] - switchToWindowTitle: Switched to window with title: 'Manager - Avoka Transact'

2018-05-07 13:54:49 - [MESSAGE][PASSED] - Switched to window with title: 'Manager - Avoka Transact'

2018-05-07 13:54:49 - [TEST_STEP][PASSED] - click: Object: 'Object Repository/Page_Manager - Avoka Transact/a_Operations' is clicked on

2018-05-07 13:54:49 - [MESSAGE][PASSED] - Object: 'Object Repository/Page_Manager - Avoka Transact/a_Operations' is clicked on

2018-05-07 13:54:49 - [TEST_STEP][PASSED] - navigateToUrl: Navigate to 'https://tm.test1.avoka.com/manager/admin/submission/submission-search.htm?_wid=31' successfully

2018-05-07 13:54:51 - [MESSAGE][PASSED] - Navigate to 'https://tm.test1.avoka.com/manager/admin/submission/submission-search.htm?_wid=31' successfully

2018-05-07 13:54:51 - [TEST_STEP][PASSED] - click: Object: 'Object Repository/Page_Manager - Avoka Transact/a_Logout' is clicked on

2018-05-07 13:54:51 - [MESSAGE][PASSED] - Object: 'Object Repository/Page_Manager - Avoka Transact/a_Logout' is clicked on

2018-05-07 13:54:51 - [TEST_STEP][PASSED] - closeBrowser: Browser is closed

2018-05-07 13:54:52 - [MESSAGE][PASSED] - Browser is closed]]></system-out>
         <system-err><![CDATA[]]></system-err>
      </testcase>
      <system-out><![CDATA[2018-05-07 13:54:17 - [TEST_SUITE][FAILED] - TestSuite1: Test Cases/Testcase1 FAILED because (of) Unable to click on object 'Object Repository/MainPage/a_Organizations' (Root cause: org.openqa.selenium.UnhandledAlertException: unexpected alert open: {Alert text : Error occured. HTTP Code: 0, Status: error, Error Thrown: }
  (Session info: chrome=66.0.3359.139)
  (Driver info: chromedriver=2.35.528161 (5b82f2d2aae0ca24b877009200ced9065a772e73),platform=Windows NT 10.0.16299 x86_64) (WARNING: The server did not provide any stacktrace information)
Command duration or timeout: 0 milliseconds: null
Build info: version: '3.7.1', revision: '8a0099a', time: '2017-11-06T21:07:36.161Z'
System info: host: 'USR-SMANUGUNTA1', ip: '192.168.20.233', os.name: 'Windows 10', os.arch: 'amd64', os.version: '10.0', java.version: '1.8.0_102'
Driver info: com.kms.katalon.selenium.driver.CChromeDriver
Capabilities {acceptInsecureCerts: false, acceptSslCerts: false, applicationCacheEnabled: false, browserConnectionEnabled: false, browserName: chrome, chrome: {chromedriverVersion: 2.35.528161 (5b82f2d2aae0ca..., userDataDir: C:\Users\SMANUG~1\AppData\L...}, cssSelectorsEnabled: true, databaseEnabled: false, handlesAlerts: true, hasTouchScreen: false, javascriptEnabled: true, locationContextEnabled: true, mobileEmulationEnabled: false, nativeEvents: true, networkConnectionEnabled: false, pageLoadStrategy: normal, platform: XP, platformName: XP, rotatable: false, setWindowRect: true, takesHeapSnapshot: true, takesScreenshot: true, unexpectedAlertBehaviour: , unhandledPromptBehavior: , version: 66.0.3359.139, webStorageEnabled: true}
Session ID: 57c4751e059c784e1c7c2b72161083d4
*** Element info: {Using=xpath, value=//*[(text() = 'Organizations' or . = 'Organizations')]})]]></system-out>
      <system-err><![CDATA[2018-05-07 13:54:17 - [TEST_SUITE][FAILED] - TestSuite1: Test Cases/Testcase1 FAILED because (of) Unable to click on object 'Object Repository/MainPage/a_Organizations' (Root cause: org.openqa.selenium.UnhandledAlertException: unexpected alert open: {Alert text : Error occured. HTTP Code: 0, Status: error, Error Thrown: }
  (Session info: chrome=66.0.3359.139)
  (Driver info: chromedriver=2.35.528161 (5b82f2d2aae0ca24b877009200ced9065a772e73),platform=Windows NT 10.0.16299 x86_64) (WARNING: The server did not provide any stacktrace information)
Command duration or timeout: 0 milliseconds: null
Build info: version: '3.7.1', revision: '8a0099a', time: '2017-11-06T21:07:36.161Z'
System info: host: 'USR-SMANUGUNTA1', ip: '192.168.20.233', os.name: 'Windows 10', os.arch: 'amd64', os.version: '10.0', java.version: '1.8.0_102'
Driver info: com.kms.katalon.selenium.driver.CChromeDriver
Capabilities {acceptInsecureCerts: false, acceptSslCerts: false, applicationCacheEnabled: false, browserConnectionEnabled: false, browserName: chrome, chrome: {chromedriverVersion: 2.35.528161 (5b82f2d2aae0ca..., userDataDir: C:\Users\SMANUG~1\AppData\L...}, cssSelectorsEnabled: true, databaseEnabled: false, handlesAlerts: true, hasTouchScreen: false, javascriptEnabled: true, locationContextEnabled: true, mobileEmulationEnabled: false, nativeEvents: true, networkConnectionEnabled: false, pageLoadStrategy: normal, platform: XP, platformName: XP, rotatable: false, setWindowRect: true, takesHeapSnapshot: true, takesScreenshot: true, unexpectedAlertBehaviour: , unhandledPromptBehavior: , version: 66.0.3359.139, webStorageEnabled: true}
Session ID: 57c4751e059c784e1c7c2b72161083d4
*** Element info: {Using=xpath, value=//*[(text() = 'Organizations' or . = 'Organizations')]})]]></system-err>
   </testsuite>
</testsuites>
